Arguments: 
  C:\Program Files\nodejs\node.exe C:\Users\Mahmoud\AppData\Roaming\npm\node_modules\yarn\bin\yarn.js

PATH: 
  C:\Users\Mahmoud\AppData\Roaming\npm;C:\Program Files\nodejs\;C:\WINDOWS\system32;C:\WINDOWS;C:\WINDOWS\System32\Wbem;C:\WINDOWS\System32\WindowsPowerShell\v1.0\;C:\WINDOWS\System32\OpenSSH\;C:\Program Files\nodejs\;C:\Users\Mahmoud\AppData\Local\Microsoft\WindowsApps;C:\Users\Mahmoud\AppData\Roaming\npm

Yarn version: 
  1.13.0

Node version: 
  10.13.0

Platform: 
  win32 x64

Trace: 
  Error: https://codeload.github.com/expo/react-native-maps/tar.gz/e6f98ff7272e5d0a7fe974a41f28593af2d77bb2: ESOCKETTIMEDOUT
      at ClientRequest.<anonymous> (C:\Users\Mahmoud\AppData\Roaming\npm\node_modules\yarn\lib\cli.js:130024:19)
      at Object.onceWrapper (events.js:273:13)
      at ClientRequest.emit (events.js:182:13)
      at TLSSocket.emitRequestTimeout (_http_client.js:661:40)
      at Object.onceWrapper (events.js:273:13)
      at TLSSocket.emit (events.js:182:13)
      at TLSSocket.Socket._onTimeout (net.js:449:8)
      at ontimeout (timers.js:436:11)
      at tryOnTimeout (timers.js:300:5)
      at listOnTimeout (timers.js:263:5)

npm manifest: 
  {
    "name": "empty-project-template",
    "main": "node_modules/expo/AppEntry.js",
    "private": true,
    "scripts": {
      "start": "expo start",
      "android": "expo start --android",
      "ios": "expo start --ios",
      "eject": "expo eject"
    },
    "dependencies": {
      "expo": "^31.0.2",
      "firebase": "^5.7.0",
      "link": "^0.1.5",
      "moment": "^2.22.2",
      "native-base": "^2.8.1",
      "numeral": "^2.0.6",
      "react": "16.5.0",
      "react-native": "https://github.com/expo/react-native/archive/sdk-31.0.0.tar.gz",
      "react-native-elements": "^0.19.1",
      "react-native-firebase": "^5.1.1",
      "react-native-swiper": "^1.5.14",
      "react-native-vector-icons": "^6.1.0",
      "react-navigation": "^3.0.0",
      "react-navigator": "0.0.0-0"
    },
    "devDependencies": {
      "babel-preset-expo": "^5.0.0"
    },
    "version": "1.0.0",
    "author": "",
    "license": "ISC",
    "description": ""
  }

yarn manifest: 
  No manifest

Lockfile: 
  No lockfile
